<?xml version="1.0" encoding="UTF-8"?>
<testng-results skipped="1" failed="0" total="3" passed="2">
  <reporter-output>
  </reporter-output>
  <suite name="Suite" duration-ms="107775" started-at="2017-07-02T06:21:26Z" finished-at="2017-07-02T06:23:14Z">
    <groups>
    </groups>
    <test name="Test1" duration-ms="35272" started-at="2017-07-02T06:21:26Z" finished-at="2017-07-02T06:22:02Z">
      <class name="com.selenium.Batch10Maven.TestNgClass">
        <test-method status="PASS" signature="beforeTest(java.lang.String)[pri:0, instance:com.selenium.Batch10Maven.TestNgClass@48140564]" name="beforeTest" is-config="true" duration-ms="24854" started-at="2017-07-02T11:51:26Z" finished-at="2017-07-02T11:51:51Z">
          <params>
            <param index="0">
              <value>
                <![CDATA[Chrome]]>
              </value>
            </param>
          </params>
          <reporter-output>
          </reporter-output>
        </test-method> <!-- beforeTest -->
        <test-method status="PASS" signature="f()[pri:0, instance:com.selenium.Batch10Maven.TestNgClass@48140564]" name="f" duration-ms="6273" started-at="2017-07-02T11:51:51Z" finished-at="2017-07-02T11:51:58Z">
          <reporter-output>
          </reporter-output>
        </test-method> <!-- f -->
        <test-method status="PASS" signature="afterTest()[pri:0, instance:com.selenium.Batch10Maven.TestNgClass@48140564]" name="afterTest" is-config="true" duration-ms="4091" started-at="2017-07-02T11:51:58Z" finished-at="2017-07-02T11:52:02Z">
          <reporter-output>
          </reporter-output>
        </test-method> <!-- afterTest -->
      </class> <!-- com.selenium.Batch10Maven.TestNgClass -->
    </test> <!-- Test1 -->
    <test name="Test3" duration-ms="56300" started-at="2017-07-02T06:21:26Z" finished-at="2017-07-02T06:22:23Z">
      <class name="com.selenium.Batch10Maven.TestNgClass">
        <test-method status="FAIL" signature="beforeTest(java.lang.String)[pri:0, instance:com.selenium.Batch10Maven.TestNgClass@17f6480]" name="beforeTest" is-config="true" duration-ms="0" started-at="2017-07-02T11:51:26Z" finished-at="2017-07-02T11:51:26Z">
          <params>
            <param index="0">
              <value>
                <![CDATA[Firefox]]>
              </value>
            </param>
          </params>
          <exception class="org.openqa.selenium.WebDriverException">
            <message>
              <![CDATA[Not a Number
Build info: version: '3.4.0', revision: 'unknown', time: 'unknown'
System info: host: 'LENOVO-PC', ip: '192.168.0.2', os.name: 'Windows 7', os.arch: 'amd64', os.version: '6.1', java.version: '1.8.0_25'
Driver info: org.openqa.selenium.firefox.FirefoxDriver
Capabilities [{rotatable=false, raisesAccessibilityExceptions=false, appBuildId=20161208153507, version=50.1.0, platform=XP, proxy=Proxy(), command_id=1.0, specificationLevel=0.0, acceptSslCerts=false, processId=4536.0, browserVersion=50.1.0, platformVersion=6.1, XULappId={ec8030f7-c20a-464f-9b0e-13a3a9e97384}, browserName=firefox, takesScreenshot=true, takesElementScreenshot=true, javascriptEnabled=true, platformName=windows_nt}]
Session ID: 63c534fc-c439-427b-a04a-3c5794fb99ec]]>
            </message>
            <full-stacktrace>
              <![CDATA[org.openqa.selenium.WebDriverException: Not a Number
Build info: version: '3.4.0', revision: 'unknown', time: 'unknown'
System info: host: 'LENOVO-PC', ip: '192.168.0.2', os.name: 'Windows 7', os.arch: 'amd64', os.version: '6.1', java.version: '1.8.0_25'
Driver info: org.openqa.selenium.firefox.FirefoxDriver
Capabilities [{rotatable=false, raisesAccessibilityExceptions=false, appBuildId=20161208153507, version=50.1.0, platform=XP, proxy=Proxy(), command_id=1.0, specificationLevel=0.0, acceptSslCerts=false, processId=4536.0, browserVersion=50.1.0, platformVersion=6.1, XULappId={ec8030f7-c20a-464f-9b0e-13a3a9e97384}, browserName=firefox, takesScreenshot=true, takesElementScreenshot=true, javascriptEnabled=true, platformName=windows_nt}]
Session ID: 63c534fc-c439-427b-a04a-3c5794fb99ec
	at sun.reflect.NativeConstructorAccessorImpl.newInstance0(Native Method)
	at sun.reflect.NativeConstructorAccessorImpl.newInstance(NativeConstructorAccessorImpl.java:62)
	at sun.reflect.DelegatingConstructorAccessorImpl.newInstance(DelegatingConstructorAccessorImpl.java:45)
	at java.lang.reflect.Constructor.newInstance(Constructor.java:408)
	at org.openqa.selenium.remote.http.W3CHttpResponseCodec.createException(W3CHttpResponseCodec.java:150)
	at org.openqa.selenium.remote.http.W3CHttpResponseCodec.decode(W3CHttpResponseCodec.java:115)
	at org.openqa.selenium.remote.http.W3CHttpResponseCodec.decode(W3CHttpResponseCodec.java:45)
	at org.openqa.selenium.remote.HttpCommandExecutor.execute(HttpCommandExecutor.java:164)
	at org.openqa.selenium.remote.service.DriverCommandExecutor.execute(DriverCommandExecutor.java:82)
	at org.openqa.selenium.remote.RemoteWebDriver.execute(RemoteWebDriver.java:637)
	at org.openqa.selenium.remote.RemoteWebDriver$RemoteWebDriverOptions$RemoteTimeouts.implicitlyWait(RemoteWebDriver.java:868)
	at com.selenium.Batch10Maven.TestNgClass.beforeTest(TestNgClass.java:57)
	at sun.reflect.NativeMethodAccessorImpl.invoke0(Native Method)
	at sun.reflect.NativeMethodAccessorImpl.invoke(NativeMethodAccessorImpl.java:62)
	at sun.reflect.DelegatingMethodAccessorImpl.invoke(DelegatingMethodAccessorImpl.java:43)
	at java.lang.reflect.Method.invoke(Method.java:483)
	at org.testng.internal.MethodInvocationHelper.invokeMethod(MethodInvocationHelper.java:86)
	at org.testng.internal.Invoker.invokeConfigurationMethod(Invoker.java:514)
	at org.testng.internal.Invoker.invokeConfigurations(Invoker.java:215)
	at org.testng.internal.Invoker.invokeConfigurations(Invoker.java:142)
	at org.testng.TestRunner.beforeRun(TestRunner.java:656)
	at org.testng.TestRunner.run(TestRunner.java:624)
	at org.testng.SuiteRunner.runTest(SuiteRunner.java:366)
	at org.testng.SuiteRunner.access$000(SuiteRunner.java:39)
	at org.testng.SuiteRunner$SuiteWorker.run(SuiteRunner.java:400)
	at org.testng.internal.thread.ThreadUtil$2.call(ThreadUtil.java:64)
	at java.util.concurrent.FutureTask.run(FutureTask.java:266)
	at java.util.concurrent.ThreadPoolExecutor.runWorker(ThreadPoolExecutor.java:1142)
	at java.util.concurrent.ThreadPoolExecutor$Worker.run(ThreadPoolExecutor.java:617)
	at java.lang.Thread.run(Thread.java:745)
]]>
            </full-stacktrace>
          </exception> <!-- org.openqa.selenium.WebDriverException -->
          <reporter-output>
          </reporter-output>
        </test-method> <!-- beforeTest -->
        <test-method status="SKIP" signature="f()[pri:0, instance:com.selenium.Batch10Maven.TestNgClass@17f6480]" name="f" duration-ms="1" started-at="2017-07-02T11:52:23Z" finished-at="2017-07-02T11:52:23Z">
          <reporter-output>
          </reporter-output>
        </test-method> <!-- f -->
        <test-method status="SKIP" signature="afterTest()[pri:0, instance:com.selenium.Batch10Maven.TestNgClass@17f6480]" name="afterTest" is-config="true" duration-ms="0" started-at="2017-07-02T11:52:23Z" finished-at="2017-07-02T11:52:23Z">
          <reporter-output>
          </reporter-output>
        </test-method> <!-- afterTest -->
      </class> <!-- com.selenium.Batch10Maven.TestNgClass -->
    </test> <!-- Test3 -->
    <test name="Test2" duration-ms="107774" started-at="2017-07-02T06:21:26Z" finished-at="2017-07-02T06:23:14Z">
      <class name="com.selenium.Batch10Maven.TestNgClass">
        <test-method status="PASS" signature="beforeTest(java.lang.String)[pri:0, instance:com.selenium.Batch10Maven.TestNgClass@67b64c45]" name="beforeTest" is-config="true" duration-ms="51480" started-at="2017-07-02T11:51:26Z" finished-at="2017-07-02T11:52:18Z">
          <params>
            <param index="0">
              <value>
                <![CDATA[ie]]>
              </value>
            </param>
          </params>
          <reporter-output>
          </reporter-output>
        </test-method> <!-- beforeTest -->
        <test-method status="PASS" signature="f()[pri:0, instance:com.selenium.Batch10Maven.TestNgClass@67b64c45]" name="f" duration-ms="54468" started-at="2017-07-02T11:52:18Z" finished-at="2017-07-02T11:53:12Z">
          <reporter-output>
          </reporter-output>
        </test-method> <!-- f -->
        <test-method status="PASS" signature="afterTest()[pri:0, instance:com.selenium.Batch10Maven.TestNgClass@67b64c45]" name="afterTest" is-config="true" duration-ms="1813" started-at="2017-07-02T11:53:12Z" finished-at="2017-07-02T11:53:14Z">
          <reporter-output>
          </reporter-output>
        </test-method> <!-- afterTest -->
      </class> <!-- com.selenium.Batch10Maven.TestNgClass -->
    </test> <!-- Test2 -->
  </suite> <!-- Suite -->
</testng-results>
